<?xml version="1.0" encoding="UTF-8"?>
<testng-results ignored="0" total="1" passed="1" failed="0" skipped="0">
  <reporter-output>
  </reporter-output>
  <suite started-at="2024-08-28T23:15:20 IST" name="Suite" finished-at="2024-08-28T23:15:48 IST" duration-ms="28202">
    <groups>
    </groups>
    <test started-at="2024-08-28T23:15:20 IST" name="Test" finished-at="2024-08-28T23:15:48 IST" duration-ms="28202">
      <class name="day11.PromptBoxTester">
        <test-method is-config="true" signature="setup(java.lang.String,java.lang.String)[pri:0, instance:day11.PromptBoxTester@2a693f59]" started-at="2024-08-28T23:15:20 IST" name="setup" finished-at="2024-08-28T23:15:43 IST" duration-ms="22764" status="PASS">
          <params>
            <param index="0">
              <value>
                <![CDATA[edge]]>
              </value>
            </param>
            <param index="1">
              <value>
                <![CDATA[https://selenium08.blogspot.com/2019/07/alert-test.html]]>
              </value>
            </param>
          </params>
          <reporter-output>
          </reporter-output>
        </test-method> <!-- setup -->
        <test-method is-config="true" signature="set()[pri:0, instance:day11.PromptBoxTester@2a693f59]" started-at="2024-08-28T23:15:43 IST" name="set" finished-at="2024-08-28T23:15:43 IST" duration-ms="2" status="PASS">
          <reporter-output>
          </reporter-output>
        </test-method> <!-- set -->
        <test-method signature="promptBoxTester()[pri:0, instance:day11.PromptBoxTester@2a693f59]" started-at="2024-08-28T23:15:43 IST" name="promptBoxTester" finished-at="2024-08-28T23:15:47 IST" duration-ms="4349" status="PASS">
          <reporter-output>
          </reporter-output>
        </test-method> <!-- promptBoxTester -->
        <test-method is-config="true" signature="tearDown()[pri:0, instance:day11.PromptBoxTester@2a693f59]" started-at="2024-08-28T23:15:47 IST" name="tearDown" finished-at="2024-08-28T23:15:48 IST" duration-ms="985" status="PASS">
          <reporter-output>
          </reporter-output>
        </test-method> <!-- tearDown -->
      </class> <!-- day11.PromptBoxTester -->
    </test> <!-- Test -->
  </suite> <!-- Suite -->
</testng-results>
