<?xml version="1.0" encoding="UTF-8"?>
<testng-results ignored="0" total="1" passed="1" failed="0" skipped="0">
  <reporter-output>
  </reporter-output>
  <suite started-at="2024-08-22T17:25:39 IST" name="Suite" finished-at="2024-08-22T17:26:59 IST" duration-ms="80597">
    <groups>
    </groups>
    <test started-at="2024-08-22T17:25:39 IST" name="Test" finished-at="2024-08-22T17:26:59 IST" duration-ms="80597">
      <class name="day11.LoginTester">
        <test-method is-config="true" signature="setup(java.lang.String,java.lang.String)[pri:0, instance:day11.LoginTester@433defed]" started-at="2024-08-22T17:25:39 IST" name="setup" finished-at="2024-08-22T17:26:42 IST" duration-ms="62547" status="PASS">
          <params>
            <param index="0">
              <value>
                <![CDATA[edge]]>
              </value>
            </param>
            <param index="1">
              <value>
                <![CDATA[https://www.saucedemo.com/]]>
              </value>
            </param>
          </params>
          <reporter-output>
          </reporter-output>
        </test-method> <!-- setup -->
        <test-method is-config="true" signature="setup()[pri:0, instance:day11.LoginTester@433defed]" started-at="2024-08-22T17:26:42 IST" name="setup" finished-at="2024-08-22T17:26:42 IST" duration-ms="2" status="PASS">
          <reporter-output>
          </reporter-output>
        </test-method> <!-- setup -->
        <test-method signature="verifyLogin()[pri:0, instance:day11.LoginTester@433defed]" started-at="2024-08-22T17:26:42 IST" name="verifyLogin" finished-at="2024-08-22T17:26:51 IST" duration-ms="9565" status="PASS">
          <reporter-output>
          </reporter-output>
        </test-method> <!-- verifyLogin -->
        <test-method is-config="true" signature="tearDown()[pri:0, instance:day11.LoginTester@433defed]" started-at="2024-08-22T17:26:51 IST" name="tearDown" finished-at="2024-08-22T17:26:59 IST" duration-ms="8211" status="PASS">
          <reporter-output>
          </reporter-output>
        </test-method> <!-- tearDown -->
      </class> <!-- day11.LoginTester -->
    </test> <!-- Test -->
  </suite> <!-- Suite -->
</testng-results>
