<?xml version="1.0" encoding="UTF-8"?>
<testng-results ignored="0" total="1" passed="1" failed="0" skipped="0">
  <reporter-output>
  </reporter-output>
  <suite started-at="2024-08-12T17:06:22Z" name="Default suite" finished-at="2024-08-12T17:06:22Z" duration-ms="146">
    <groups>
    </groups>
    <test started-at="2024-08-12T17:06:22Z" name="Default test" finished-at="2024-08-12T17:06:22Z" duration-ms="146">
      <class name="WiproTraining.PrimeTester">
        <test-method signature="primeTest()[pri:0, instance:WiproTraining.PrimeTester@14bee915]" started-at="2024-08-12T22:36:22Z" name="primeTest" finished-at="2024-08-12T22:36:22Z" duration-ms="85" status="PASS">
          <reporter-output>
          </reporter-output>
        </test-method> <!-- primeTest -->
      </class> <!-- WiproTraining.PrimeTester -->
    </test> <!-- Default test -->
  </suite> <!-- Default suite -->
</testng-results>
