<?xml version="1.0" encoding="UTF-8"?>
<testng-results ignored="0" total="3" passed="3" failed="0" skipped="0">
  <reporter-output>
  </reporter-output>
  <suite started-at="2024-08-22T10:39:05 IST" name="Default suite" finished-at="2024-08-22T10:39:05 IST" duration-ms="351">
    <groups>
    </groups>
    <test started-at="2024-08-22T10:39:05 IST" name="Default test" finished-at="2024-08-22T10:39:05 IST" duration-ms="351">
      <class name="WiproTraining.Demo02_TestNG_Priority">
        <test-method signature="test01()[pri:0, instance:WiproTraining.Demo02_TestNG_Priority@bd4dc25]" started-at="2024-08-22T10:39:05 IST" name="test01" finished-at="2024-08-22T10:39:05 IST" duration-ms="66" status="PASS">
          <reporter-output>
          </reporter-output>
        </test-method> <!-- test01 -->
        <test-method signature="test02()[pri:0, instance:WiproTraining.Demo02_TestNG_Priority@bd4dc25]" started-at="2024-08-22T10:39:05 IST" name="test02" finished-at="2024-08-22T10:39:05 IST" duration-ms="14" status="PASS">
          <reporter-output>
          </reporter-output>
        </test-method> <!-- test02 -->
        <test-method signature="test03()[pri:0, instance:WiproTraining.Demo02_TestNG_Priority@bd4dc25]" started-at="2024-08-22T10:39:05 IST" name="test03" finished-at="2024-08-22T10:39:05 IST" duration-ms="12" status="PASS">
          <reporter-output>
          </reporter-output>
        </test-method> <!-- test03 -->
      </class> <!-- WiproTraining.Demo02_TestNG_Priority -->
    </test> <!-- Default test -->
  </suite> <!-- Default suite -->
</testng-results>
