<?xml version="1.0" encoding="UTF-8"?>
<!-- Generated by org.testng.reporters.JUnitXMLReporter -->
<testsuite ignored="0" hostname="DESKTOP-MD08SEB" failures="0" tests="3" name="Default test" time="0.351" errors="0" timestamp="2024-08-22T10:39:05 IST">
  <testcase classname="WiproTraining.Demo02_TestNG_Priority" name="test01" time="0.066"/>
  <testcase classname="WiproTraining.Demo02_TestNG_Priority" name="test02" time="0.014"/>
  <testcase classname="WiproTraining.Demo02_TestNG_Priority" name="test03" time="0.012"/>
</testsuite> <!-- Default test -->
